[2025-05-06 19:11:07] INFO: [34mRedis connected successfully[0m
[2025-05-06 19:11:07] INFO: [34mServer started running on port: 3002 ✅[0m
[2025-05-06 19:11:34] INFO: [34mRedis connected successfully[0m
[2025-05-06 19:11:34] INFO: [34mServer started running on port: 3002 ✅[0m
[2025-05-06 19:12:07] INFO: [34mRedis connected successfully[0m
[2025-05-06 19:12:07] INFO: [34mServer started running on port: 3002 ✅[0m
[2025-05-06 19:13:43] INFO: [34mGET /api/v_1/_pvt/_ve/vendor/details[0m
[2025-05-06 19:13:43] INFO: [34mPOST /api/v_1/_pvt/_ve/vendor/refresh-token[0m
[2025-05-06 19:28:17] INFO: [34mRedis connected successfully[0m
[2025-05-06 19:28:17] INFO: [34mServer started running on port: 3002 ✅[0m
[2025-05-06 19:36:32] INFO: [34mRedis connected successfully[0m
[2025-05-06 19:36:32] INFO: [34mServer started running on port: 3002 ✅[0m
[2025-05-06 19:36:38] INFO: [34mRedis connected successfully[0m
[2025-05-06 19:36:38] INFO: [34mServer started running on port: 3002 ✅[0m
[2025-05-06 19:37:06] INFO: [34mRedis connected successfully[0m
[2025-05-06 19:37:06] INFO: [34mServer started running on port: 3002 ✅[0m
[2025-05-06 19:37:27] INFO: [34mRedis connected successfully[0m
[2025-05-06 19:37:27] INFO: [34mServer started running on port: 3002 ✅[0m
[2025-05-06 19:37:35] INFO: [34mRedis connected successfully[0m
[2025-05-06 19:37:35] INFO: [34mServer started running on port: 3002 ✅[0m
[2025-05-06 19:37:57] INFO: [34mRedis connected successfully[0m
[2025-05-06 19:37:58] INFO: [34mServer started running on port: 3002 ✅[0m
[2025-05-06 19:39:20] INFO: [34mRedis connected successfully[0m
[2025-05-06 19:39:20] INFO: [34mServer started running on port: 3002 ✅[0m
[2025-05-06 19:39:28] INFO: [34mRedis connected successfully[0m
[2025-05-06 19:39:28] INFO: [34mServer started running on port: 3002 ✅[0m
[2025-05-06 19:40:15] INFO: [34mRedis connected successfully[0m
[2025-05-06 19:40:15] INFO: [34mServer started running on port: 3002 ✅[0m
[2025-05-06 19:41:12] INFO: [34mRedis connected successfully[0m
[2025-05-06 19:41:12] INFO: [34mServer started running on port: 3002 ✅[0m
[2025-05-06 19:41:49] INFO: [34mRedis connected successfully[0m
[2025-05-06 19:41:49] INFO: [34mServer started running on port: 3002 ✅[0m
[2025-05-06 19:41:54] INFO: [34mRedis connected successfully[0m
[2025-05-06 19:41:54] INFO: [34mServer started running on port: 3002 ✅[0m
[2025-05-06 19:42:50] INFO: [34mRedis connected successfully[0m
[2025-05-06 19:42:50] INFO: [34mServer started running on port: 3002 ✅[0m
[2025-05-06 19:43:02] INFO: [34mRedis connected successfully[0m
[2025-05-06 19:43:02] INFO: [34mServer started running on port: 3002 ✅[0m
[2025-05-06 19:43:07] INFO: [34mRedis connected successfully[0m
[2025-05-06 19:43:07] INFO: [34mServer started running on port: 3002 ✅[0m
[2025-05-06 19:43:31] INFO: [34mRedis connected successfully[0m
[2025-05-06 19:43:31] INFO: [34mServer started running on port: 3002 ✅[0m
[2025-05-06 19:46:02] INFO: [34mRedis connected successfully[0m
[2025-05-06 19:46:02] INFO: [34mServer started running on port: 3002 ✅[0m
[2025-05-06 19:46:10] INFO: [34mRedis connected successfully[0m
[2025-05-06 19:46:10] INFO: [34mServer started running on port: 3002 ✅[0m
[2025-05-06 19:46:24] INFO: [34mRedis connected successfully[0m
[2025-05-06 19:46:24] INFO: [34mServer started running on port: 3002 ✅[0m
[2025-05-06 19:46:29] INFO: [34mRedis connected successfully[0m
[2025-05-06 19:46:29] INFO: [34mServer started running on port: 3002 ✅[0m
[2025-05-06 19:47:21] INFO: [34mRedis connected successfully[0m
[2025-05-06 19:47:21] INFO: [34mServer started running on port: 3002 ✅[0m
[2025-05-06 19:47:30] INFO: [34mRedis connected successfully[0m
[2025-05-06 19:47:30] INFO: [34mServer started running on port: 3002 ✅[0m
[2025-05-06 19:47:41] INFO: [34mRedis connected successfully[0m
[2025-05-06 19:47:41] INFO: [34mServer started running on port: 3002 ✅[0m
[2025-05-06 20:03:51] INFO: [34mRedis connected successfully[0m
[2025-05-06 20:03:51] INFO: [34mServer started running on port: 3002 ✅[0m
[2025-05-06 20:04:13] INFO: [34mRedis connected successfully[0m
[2025-05-06 20:04:13] INFO: [34mServer started running on port: 3002 ✅[0m
[2025-05-06 20:04:26] INFO: [34mRedis connected successfully[0m
[2025-05-06 20:04:26] INFO: [34mServer started running on port: 3002 ✅[0m
[2025-05-06 20:04:43] INFO: [34mRedis connected successfully[0m
[2025-05-06 20:04:43] INFO: [34mServer started running on port: 3002 ✅[0m
[2025-05-06 20:04:55] INFO: [34mRedis connected successfully[0m
[2025-05-06 20:04:55] INFO: [34mServer started running on port: 3002 ✅[0m
[2025-05-06 20:05:25] INFO: [34mRedis connected successfully[0m
[2025-05-06 20:05:25] INFO: [34mServer started running on port: 3002 ✅[0m
[2025-05-06 20:05:31] INFO: [34mRedis connected successfully[0m
[2025-05-06 20:05:31] INFO: [34mServer started running on port: 3002 ✅[0m
[2025-05-06 20:05:39] INFO: [34mRedis connected successfully[0m
[2025-05-06 20:05:39] INFO: [34mServer started running on port: 3002 ✅[0m
[2025-05-06 20:05:56] INFO: [34mRedis connected successfully[0m
[2025-05-06 20:05:56] INFO: [34mServer started running on port: 3002 ✅[0m
[2025-05-06 20:06:58] INFO: [34mRedis connected successfully[0m
[2025-05-06 20:06:58] INFO: [34mServer started running on port: 3002 ✅[0m
[2025-05-06 20:08:09] INFO: [34mRedis connected successfully[0m
[2025-05-06 20:08:09] INFO: [34mServer started running on port: 3002 ✅[0m
[2025-05-06 20:09:03] INFO: [34mRedis connected successfully[0m
[2025-05-06 20:09:03] INFO: [34mServer started running on port: 3002 ✅[0m
[2025-05-06 20:10:22] INFO: [34mRedis connected successfully[0m
[2025-05-06 20:10:22] INFO: [34mServer started running on port: 3002 ✅[0m
[2025-05-06 20:11:20] INFO: [34mRedis connected successfully[0m
[2025-05-06 20:11:20] INFO: [34mServer started running on port: 3002 ✅[0m
[2025-05-06 20:33:22] ERROR: [31mRedis Client Error:  read ECONNRESET[0m
[2025-05-06 20:58:55] ERROR: [31mRedis Client Error:  read ECONNRESET[0m
[2025-05-06 20:58:55] ERROR: [31mRedis Client Error:  getaddrinfo ENOTFOUND redis-10579.c264.ap-south-1-1.ec2.redns.redis-cloud.com[0m
[2025-05-06 20:58:56] ERROR: [31mRedis Client Error:  getaddrinfo ENOTFOUND redis-10579.c264.ap-south-1-1.ec2.redns.redis-cloud.com[0m
[2025-05-06 20:58:56] ERROR: [31mRedis Client Error:  getaddrinfo ENOTFOUND redis-10579.c264.ap-south-1-1.ec2.redns.redis-cloud.com[0m
[2025-05-06 20:58:57] ERROR: [31mRedis Client Error:  getaddrinfo ENOTFOUND redis-10579.c264.ap-south-1-1.ec2.redns.redis-cloud.com[0m
[2025-05-06 20:58:57] ERROR: [31mRedis Client Error:  getaddrinfo ENOTFOUND redis-10579.c264.ap-south-1-1.ec2.redns.redis-cloud.com[0m
[2025-05-06 20:58:57] ERROR: [31mRedis Client Error:  getaddrinfo ENOTFOUND redis-10579.c264.ap-south-1-1.ec2.redns.redis-cloud.com[0m
[2025-05-06 20:58:58] ERROR: [31mRedis Client Error:  getaddrinfo ENOTFOUND redis-10579.c264.ap-south-1-1.ec2.redns.redis-cloud.com[0m
[2025-05-06 20:58:58] ERROR: [31mRedis Client Error:  getaddrinfo ENOTFOUND redis-10579.c264.ap-south-1-1.ec2.redns.redis-cloud.com[0m
[2025-05-06 20:58:58] ERROR: [31mRedis Client Error:  getaddrinfo ENOTFOUND redis-10579.c264.ap-south-1-1.ec2.redns.redis-cloud.com[0m
[2025-05-06 20:58:59] ERROR: [31mRedis Client Error:  getaddrinfo ENOTFOUND redis-10579.c264.ap-south-1-1.ec2.redns.redis-cloud.com[0m
[2025-05-06 20:58:59] ERROR: [31mRedis Client Error:  getaddrinfo ENOTFOUND redis-10579.c264.ap-south-1-1.ec2.redns.redis-cloud.com[0m
[2025-05-06 20:59:05] ERROR: [31mRedis Client Error:  Connection timeout[0m
[2025-05-06 21:01:28] INFO: [34mRedis connected successfully[0m
[2025-05-06 21:01:28] INFO: [34mServer started running on port: 3002 ✅[0m
[2025-05-06 21:06:10] INFO: [34mRedis connected successfully[0m
[2025-05-06 21:06:10] INFO: [34mServer started running on port: 3002 ✅[0m
[2025-05-06 21:06:23] INFO: [34mRedis connected successfully[0m
[2025-05-06 21:06:23] INFO: [34mServer started running on port: 3002 ✅[0m
[2025-05-06 21:06:33] INFO: [34mRedis connected successfully[0m
[2025-05-06 21:06:33] INFO: [34mServer started running on port: 3002 ✅[0m
[2025-05-06 21:06:37] INFO: [34mRedis connected successfully[0m
[2025-05-06 21:06:37] INFO: [34mServer started running on port: 3002 ✅[0m
[2025-05-06 21:07:00] INFO: [34mPOST /api/v_1/auth/google-auth[0m
[2025-05-06 21:07:01] INFO: [34mGET /api/v_1/_pvt/_cl/client/notification[0m
[2025-05-06 21:07:01] INFO: [34mGET /api/v_1/_pvt/_cl/client/categories[0m
[2025-05-06 21:07:10] INFO: [34mGET /api/v_1/_pvt/_cl/client/details[0m
[2025-05-06 21:07:10] INFO: [34mclient profile was cacehd : [0m
[2025-05-06 21:07:10] INFO: [34mGET /api/v_1/_pvt/_cl/client/notification[0m
[2025-05-06 21:07:28] INFO: [34mGET /api/v_1/_pvt/_cl/client/details[0m
[2025-05-06 21:07:28] INFO: [34mclient profile was cacehd : [0m
[2025-05-06 21:07:28] INFO: [34mGET /api/v_1/_pvt/_cl/client/notification[0m
[2025-05-06 21:07:47] INFO: [34mRedis connected successfully[0m
[2025-05-06 21:07:47] INFO: [34mServer started running on port: 3002 ✅[0m
[2025-05-06 21:07:50] INFO: [34mGET /api/v_1/_pvt/_cl/client/details[0m
[2025-05-06 21:07:50] INFO: [34mclient profile was cacehd : [0m
[2025-05-06 21:07:50] INFO: [34mGET /api/v_1/_pvt/_cl/client/notification[0m
[2025-05-06 21:07:58] INFO: [34mGET /api/v_1/_pvt/_cl/client/details[0m
[2025-05-06 21:07:58] INFO: [34mclient profile was cacehd : [0m
[2025-05-06 21:07:58] INFO: [34mGET /api/v_1/_pvt/_cl/client/notification[0m
[2025-05-06 21:08:20] INFO: [34mGET /api/v_1/_pvt/_cl/client/details[0m
[2025-05-06 21:08:20] INFO: [34mGET /api/v_1/_pvt/_cl/client/notification[0m
[2025-05-06 21:08:20] INFO: [34mclient profile was cacehd : [0m
[2025-05-06 21:08:27] INFO: [34mGET /api/v_1/_pvt/_cl/client/details[0m
[2025-05-06 21:08:27] INFO: [34mGET /api/v_1/_pvt/_cl/client/notification[0m
[2025-05-06 21:08:27] INFO: [34mclient profile was cacehd : [0m
[2025-05-06 21:09:02] INFO: [34mRedis connected successfully[0m
[2025-05-06 21:09:02] INFO: [34mServer started running on port: 3002 ✅[0m
[2025-05-06 21:09:04] INFO: [34mRedis connected successfully[0m
[2025-05-06 21:09:04] INFO: [34mServer started running on port: 3002 ✅[0m
[2025-05-06 21:09:10] INFO: [34mRedis connected successfully[0m
[2025-05-06 21:09:10] INFO: [34mServer started running on port: 3002 ✅[0m
[2025-05-06 21:10:52] INFO: [34mGET /api/v_1/_pvt/_cl/client/details[0m
[2025-05-06 21:10:52] INFO: [34mGET /api/v_1/_pvt/_cl/client/notification[0m
[2025-05-06 21:10:52] INFO: [34mclient profile was cacehd : [0m
[2025-05-06 21:11:37] INFO: [34mGET /api/v_1/_pvt/_cl/client/details[0m
[2025-05-06 21:11:37] INFO: [34mclient profile was cacehd : [0m
[2025-05-06 21:11:37] INFO: [34mGET /api/v_1/_pvt/_cl/client/notification[0m
[2025-05-06 21:13:27] INFO: [34mGET /api/v_1/_pvt/_cl/client/details[0m
[2025-05-06 21:13:27] INFO: [34mGET /api/v_1/_pvt/_cl/client/notification[0m
[2025-05-06 21:13:27] INFO: [34mclient profile was cacehd : [0m
[2025-05-06 21:20:21] INFO: [34mRedis connected successfully[0m
[2025-05-06 21:20:21] INFO: [34mServer started running on port: 3002 ✅[0m
[2025-05-06 21:20:24] INFO: [34mRedis connected successfully[0m
[2025-05-06 21:20:24] INFO: [34mServer started running on port: 3002 ✅[0m
[2025-05-06 21:20:31] INFO: [34mRedis connected successfully[0m
[2025-05-06 21:20:31] INFO: [34mServer started running on port: 3002 ✅[0m
[2025-05-06 21:21:04] INFO: [34mGET /api/v_1/_pvt/_cl/client/details[0m
[2025-05-06 21:21:04] INFO: [34mGET /api/v_1/_pvt/_cl/client/notification[0m
[2025-05-06 21:21:04] INFO: [34mPOST /api/v_1/_pvt/_cl/client/refresh-token[0m
[2025-05-06 21:21:04] INFO: [34mGET /api/v_1/_pvt/_cl/client/details[0m
[2025-05-06 21:21:04] INFO: [34mclient profile was cacehd : [0m
[2025-05-06 21:21:05] INFO: [34mGET /api/v_1/_pvt/_cl/client/notification[0m
[2025-05-06 21:21:07] INFO: [34mPOST /api/v_1/_pvt/_cl/client/logout[0m
[2025-05-06 21:21:15] INFO: [34mRedis connected successfully[0m
[2025-05-06 21:21:15] INFO: [34mServer started running on port: 3002 ✅[0m
[2025-05-06 21:21:28] INFO: [34mPOST /api/v_1/auth/google-auth[0m
[2025-05-06 21:21:28] INFO: [34mcached url already exists [0m
[2025-05-06 21:21:29] INFO: [34mGET /api/v_1/_pvt/_cl/client/notification[0m
[2025-05-06 21:21:29] INFO: [34mGET /api/v_1/_pvt/_cl/client/categories[0m
[2025-05-06 21:21:40] INFO: [34mGET /api/v_1/_pvt/_cl/client/notification[0m
[2025-05-06 21:21:40] INFO: [34mGET /api/v_1/_pvt/_cl/client/details[0m
[2025-05-06 21:21:40] INFO: [34mclient profile was cacehd : [0m
[2025-05-06 21:21:42] INFO: [34mGET /api/v_1/_pvt/_cl/client/notification[0m
[2025-05-06 21:21:42] INFO: [34mGET /api/v_1/_pvt/_cl/client/categories[0m
[2025-05-06 21:21:42] INFO: [34mGET /api/v_1/_pvt/_cl/client/categories[0m
[2025-05-06 21:21:42] INFO: [34mGET /api/v_1/_pvt/_cl/client/vendors?page=1&limit=6[0m
[2025-05-06 21:21:43] INFO: [34mGET /api/v_1/_pvt/_cl/client/notification[0m
[2025-05-06 21:24:13] INFO: [34mRedis connected successfully[0m
[2025-05-06 21:24:13] INFO: [34mServer started running on port: 3002 ✅[0m
[2025-05-06 21:26:02] INFO: [34mRedis connected successfully[0m
[2025-05-06 21:26:02] INFO: [34mServer started running on port: 3002 ✅[0m
[2025-05-06 21:26:04] INFO: [34mRedis connected successfully[0m
[2025-05-06 21:26:04] INFO: [34mServer started running on port: 3002 ✅[0m
[2025-05-06 21:27:21] INFO: [34mRedis connected successfully[0m
[2025-05-06 21:27:21] INFO: [34mServer started running on port: 3002 ✅[0m
[2025-05-06 21:27:24] INFO: [34mRedis connected successfully[0m
[2025-05-06 21:27:24] INFO: [34mServer started running on port: 3002 ✅[0m
[2025-05-06 21:27:53] INFO: [34mRedis connected successfully[0m
[2025-05-06 21:27:53] INFO: [34mServer started running on port: 3002 ✅[0m
[2025-05-06 21:27:58] INFO: [34mRedis connected successfully[0m
[2025-05-06 21:27:58] INFO: [34mServer started running on port: 3002 ✅[0m
[2025-05-06 21:28:05] INFO: [34mRedis connected successfully[0m
[2025-05-06 21:28:06] INFO: [34mServer started running on port: 3002 ✅[0m
[2025-05-06 21:28:32] INFO: [34mRedis connected successfully[0m
[2025-05-06 21:28:32] INFO: [34mServer started running on port: 3002 ✅[0m
[2025-05-06 21:28:38] INFO: [34mRedis connected successfully[0m
[2025-05-06 21:28:38] INFO: [34mServer started running on port: 3002 ✅[0m
[2025-05-06 21:29:32] INFO: [34mRedis connected successfully[0m
[2025-05-06 21:29:32] INFO: [34mServer started running on port: 3002 ✅[0m
[2025-05-06 21:29:36] INFO: [34mRedis connected successfully[0m
[2025-05-06 21:29:36] INFO: [34mServer started running on port: 3002 ✅[0m
