[2025-05-06 20:33:22] ERROR: [31mRedis Client Error:  read ECONNRESET[0m
[2025-05-06 20:58:55] ERROR: [31mRedis Client Error:  read ECONNRESET[0m
[2025-05-06 20:58:55] ERROR: [31mRedis Client Error:  getaddrinfo ENOTFOUND redis-10579.c264.ap-south-1-1.ec2.redns.redis-cloud.com[0m
[2025-05-06 20:58:56] ERROR: [31mRedis Client Error:  getaddrinfo ENOTFOUND redis-10579.c264.ap-south-1-1.ec2.redns.redis-cloud.com[0m
[2025-05-06 20:58:56] ERROR: [31mRedis Client Error:  getaddrinfo ENOTFOUND redis-10579.c264.ap-south-1-1.ec2.redns.redis-cloud.com[0m
[2025-05-06 20:58:57] ERROR: [31mRedis Client Error:  getaddrinfo ENOTFOUND redis-10579.c264.ap-south-1-1.ec2.redns.redis-cloud.com[0m
[2025-05-06 20:58:57] ERROR: [31mRedis Client Error:  getaddrinfo ENOTFOUND redis-10579.c264.ap-south-1-1.ec2.redns.redis-cloud.com[0m
[2025-05-06 20:58:57] ERROR: [31mRedis Client Error:  getaddrinfo ENOTFOUND redis-10579.c264.ap-south-1-1.ec2.redns.redis-cloud.com[0m
[2025-05-06 20:58:58] ERROR: [31mRedis Client Error:  getaddrinfo ENOTFOUND redis-10579.c264.ap-south-1-1.ec2.redns.redis-cloud.com[0m
[2025-05-06 20:58:58] ERROR: [31mRedis Client Error:  getaddrinfo ENOTFOUND redis-10579.c264.ap-south-1-1.ec2.redns.redis-cloud.com[0m
[2025-05-06 20:58:58] ERROR: [31mRedis Client Error:  getaddrinfo ENOTFOUND redis-10579.c264.ap-south-1-1.ec2.redns.redis-cloud.com[0m
[2025-05-06 20:58:59] ERROR: [31mRedis Client Error:  getaddrinfo ENOTFOUND redis-10579.c264.ap-south-1-1.ec2.redns.redis-cloud.com[0m
[2025-05-06 20:58:59] ERROR: [31mRedis Client Error:  getaddrinfo ENOTFOUND redis-10579.c264.ap-south-1-1.ec2.redns.redis-cloud.com[0m
[2025-05-06 20:59:05] ERROR: [31mRedis Client Error:  Connection timeout[0m
[2025-05-07 10:43:12] ERROR: [31mRedis Client Error:  read ECONNRESET[0m
[2025-05-07 10:43:17] ERROR: [31mRedis Client Error:  Connection timeout[0m
[2025-05-07 10:43:22] ERROR: [31mRedis Client Error:  Connection timeout[0m
[2025-05-07 10:44:12] ERROR: [31mRedis Client Error:  read ECONNRESET[0m
[2025-05-07 10:44:17] ERROR: [31mRedis Client Error:  Connection timeout[0m
[2025-05-07 10:44:22] ERROR: [31mRedis Client Error:  Connection timeout[0m
[2025-05-07 10:45:05] ERROR: [31mRedis Client Error:  read ECONNRESET[0m
[2025-05-07 10:45:10] ERROR: [31mRedis Client Error:  Connection timeout[0m
[2025-05-07 10:45:48] ERROR: [31mRedis Client Error:  read ECONNRESET[0m
[2025-05-07 10:45:48] ERROR: [31mRedis Client Error:  read ECONNRESET[0m
[2025-05-07 10:45:54] ERROR: [31mRedis Client Error:  Connection timeout[0m
[2025-05-07 10:45:59] ERROR: [31mRedis Client Error:  Connection timeout[0m
[2025-05-07 10:46:04] ERROR: [31mRedis Client Error:  Connection timeout[0m
[2025-05-07 10:46:09] ERROR: [31mRedis Client Error:  Connection timeout[0m
[2025-05-07 10:46:14] ERROR: [31mRedis Client Error:  Connection timeout[0m
[2025-05-07 10:46:20] ERROR: [31mRedis Client Error:  Connection timeout[0m
[2025-05-07 10:46:20] ERROR: [31mRedis Client Error:  getaddrinfo ENOTFOUND redis-10579.c264.ap-south-1-1.ec2.redns.redis-cloud.com[0m
[2025-05-07 10:46:21] ERROR: [31mRedis Client Error:  getaddrinfo ENOTFOUND redis-10579.c264.ap-south-1-1.ec2.redns.redis-cloud.com[0m
[2025-05-07 10:46:21] ERROR: [31mRedis Client Error:  getaddrinfo ENOTFOUND redis-10579.c264.ap-south-1-1.ec2.redns.redis-cloud.com[0m
[2025-05-07 10:46:22] ERROR: [31mRedis Client Error:  getaddrinfo ENOTFOUND redis-10579.c264.ap-south-1-1.ec2.redns.redis-cloud.com[0m
[2025-05-07 10:46:22] ERROR: [31mRedis Client Error:  getaddrinfo ENOTFOUND redis-10579.c264.ap-south-1-1.ec2.redns.redis-cloud.com[0m
[2025-05-07 10:46:23] ERROR: [31mRedis Client Error:  getaddrinfo ENOTFOUND redis-10579.c264.ap-south-1-1.ec2.redns.redis-cloud.com[0m
[2025-05-07 10:46:23] ERROR: [31mRedis Client Error:  getaddrinfo ENOTFOUND redis-10579.c264.ap-south-1-1.ec2.redns.redis-cloud.com[0m
[2025-05-07 10:46:24] ERROR: [31mRedis Client Error:  getaddrinfo ENOTFOUND redis-10579.c264.ap-south-1-1.ec2.redns.redis-cloud.com[0m
[2025-05-07 10:46:24] ERROR: [31mRedis Client Error:  getaddrinfo ENOTFOUND redis-10579.c264.ap-south-1-1.ec2.redns.redis-cloud.com[0m
[2025-05-07 10:46:25] ERROR: [31mRedis Client Error:  getaddrinfo ENOTFOUND redis-10579.c264.ap-south-1-1.ec2.redns.redis-cloud.com[0m
[2025-05-07 10:46:25] ERROR: [31mRedis Client Error:  getaddrinfo ENOTFOUND redis-10579.c264.ap-south-1-1.ec2.redns.redis-cloud.com[0m
[2025-05-07 10:46:31] ERROR: [31mRedis Client Error:  Connection timeout[0m
[2025-05-07 10:46:37] ERROR: [31mRedis Client Error:  Connection timeout[0m
[2025-05-07 10:46:43] ERROR: [31mRedis Client Error:  Connection timeout[0m
[2025-05-07 10:46:48] ERROR: [31mRedis Client Error:  Connection timeout[0m
[2025-05-07 10:46:49] ERROR: [31mRedis Client Error:  getaddrinfo ENOTFOUND redis-10579.c264.ap-south-1-1.ec2.redns.redis-cloud.com[0m
[2025-05-07 10:46:49] ERROR: [31mRedis Client Error:  getaddrinfo ENOTFOUND redis-10579.c264.ap-south-1-1.ec2.redns.redis-cloud.com[0m
[2025-05-07 10:46:50] ERROR: [31mRedis Client Error:  getaddrinfo ENOTFOUND redis-10579.c264.ap-south-1-1.ec2.redns.redis-cloud.com[0m
[2025-05-07 10:46:50] ERROR: [31mRedis Client Error:  getaddrinfo ENOTFOUND redis-10579.c264.ap-south-1-1.ec2.redns.redis-cloud.com[0m
[2025-05-07 10:46:51] ERROR: [31mRedis Client Error:  getaddrinfo ENOTFOUND redis-10579.c264.ap-south-1-1.ec2.redns.redis-cloud.com[0m
[2025-05-07 10:46:51] ERROR: [31mRedis Client Error:  getaddrinfo ENOTFOUND redis-10579.c264.ap-south-1-1.ec2.redns.redis-cloud.com[0m
[2025-05-07 10:46:52] ERROR: [31mRedis Client Error:  getaddrinfo ENOTFOUND redis-10579.c264.ap-south-1-1.ec2.redns.redis-cloud.com[0m
[2025-05-07 10:46:52] ERROR: [31mRedis Client Error:  getaddrinfo ENOTFOUND redis-10579.c264.ap-south-1-1.ec2.redns.redis-cloud.com[0m
[2025-05-07 10:46:53] ERROR: [31mRedis Client Error:  getaddrinfo ENOTFOUND redis-10579.c264.ap-south-1-1.ec2.redns.redis-cloud.com[0m
[2025-05-07 10:46:53] ERROR: [31mRedis Client Error:  getaddrinfo ENOTFOUND redis-10579.c264.ap-south-1-1.ec2.redns.redis-cloud.com[0m
[2025-05-07 10:46:54] ERROR: [31mRedis Client Error:  getaddrinfo ENOTFOUND redis-10579.c264.ap-south-1-1.ec2.redns.redis-cloud.com[0m
[2025-05-07 10:46:54] ERROR: [31mRedis Client Error:  getaddrinfo ENOTFOUND redis-10579.c264.ap-south-1-1.ec2.redns.redis-cloud.com[0m
[2025-05-07 10:46:55] ERROR: [31mRedis Client Error:  getaddrinfo ENOTFOUND redis-10579.c264.ap-south-1-1.ec2.redns.redis-cloud.com[0m
[2025-05-07 10:46:55] ERROR: [31mRedis Client Error:  getaddrinfo ENOTFOUND redis-10579.c264.ap-south-1-1.ec2.redns.redis-cloud.com[0m
[2025-05-07 10:47:00] ERROR: [31mRedis Client Error:  getaddrinfo ENOTFOUND redis-10579.c264.ap-south-1-1.ec2.redns.redis-cloud.com[0m
[2025-05-07 10:47:22] ERROR: [31mRedis Client Error:  read ECONNRESET[0m
[2025-05-07 10:47:32] ERROR: [31mRedis Client Error:  Connection timeout[0m
[2025-05-07 10:47:37] ERROR: [31mRedis Client Error:  Connection timeout[0m
[2025-05-07 10:47:42] ERROR: [31mRedis Client Error:  Connection timeout[0m
[2025-05-07 10:48:06] ERROR: [31mRedis Client Error:  read ECONNRESET[0m
[2025-05-07 10:48:11] ERROR: [31mRedis Client Error:  Connection timeout[0m
[2025-05-07 10:48:16] ERROR: [31mRedis Client Error:  Connection timeout[0m
[2025-05-07 10:48:17] ERROR: [31mRedis Client Error:  getaddrinfo ENOTFOUND redis-10579.c264.ap-south-1-1.ec2.redns.redis-cloud.com[0m
[2025-05-07 10:48:17] ERROR: [31mRedis Client Error:  getaddrinfo ENOTFOUND redis-10579.c264.ap-south-1-1.ec2.redns.redis-cloud.com[0m
[2025-05-07 10:48:18] ERROR: [31mRedis Client Error:  getaddrinfo ENOTFOUND redis-10579.c264.ap-south-1-1.ec2.redns.redis-cloud.com[0m
[2025-05-07 10:48:18] ERROR: [31mRedis Client Error:  getaddrinfo ENOTFOUND redis-10579.c264.ap-south-1-1.ec2.redns.redis-cloud.com[0m
[2025-05-07 10:48:18] ERROR: [31mRedis Client Error:  getaddrinfo ENOTFOUND redis-10579.c264.ap-south-1-1.ec2.redns.redis-cloud.com[0m
[2025-05-07 10:48:18] ERROR: [31mRedis Client Error:  getaddrinfo ENOTFOUND redis-10579.c264.ap-south-1-1.ec2.redns.redis-cloud.com[0m
[2025-05-07 10:48:19] ERROR: [31mRedis Client Error:  getaddrinfo ENOTFOUND redis-10579.c264.ap-south-1-1.ec2.redns.redis-cloud.com[0m
[2025-05-07 10:48:19] ERROR: [31mRedis Client Error:  getaddrinfo ENOTFOUND redis-10579.c264.ap-south-1-1.ec2.redns.redis-cloud.com[0m
[2025-05-07 10:48:20] ERROR: [31mRedis Client Error:  getaddrinfo ENOTFOUND redis-10579.c264.ap-south-1-1.ec2.redns.redis-cloud.com[0m
[2025-05-07 10:48:20] ERROR: [31mRedis Client Error:  getaddrinfo ENOTFOUND redis-10579.c264.ap-south-1-1.ec2.redns.redis-cloud.com[0m
[2025-05-07 10:48:21] ERROR: [31mRedis Client Error:  getaddrinfo ENOTFOUND redis-10579.c264.ap-south-1-1.ec2.redns.redis-cloud.com[0m
[2025-05-07 10:48:21] ERROR: [31mRedis Client Error:  getaddrinfo ENOTFOUND redis-10579.c264.ap-south-1-1.ec2.redns.redis-cloud.com[0m
[2025-05-07 10:48:27] ERROR: [31mRedis Client Error:  Connection timeout[0m
[2025-05-07 10:48:32] ERROR: [31mRedis Client Error:  Connection timeout[0m
[2025-05-07 10:48:38] ERROR: [31mRedis Client Error:  Connection timeout[0m
[2025-05-07 10:48:45] ERROR: [31mRedis Client Error:  Connection timeout[0m
[2025-05-07 10:48:50] ERROR: [31mRedis Client Error:  Connection timeout[0m
[2025-05-07 10:48:56] ERROR: [31mRedis Client Error:  Connection timeout[0m
[2025-05-07 10:49:01] ERROR: [31mRedis Client Error:  Connection timeout[0m
[2025-05-07 10:49:18] ERROR: [31mRedis Client Error:  read ECONNRESET[0m
[2025-05-07 10:49:18] ERROR: [31mRedis Client Error:  read ECONNRESET[0m
[2025-05-07 10:49:23] ERROR: [31mRedis Client Error:  Connection timeout[0m
[2025-05-07 10:49:29] ERROR: [31mRedis Client Error:  Connection timeout[0m
[2025-05-07 10:49:34] ERROR: [31mRedis Client Error:  Connection timeout[0m
[2025-05-07 10:49:40] ERROR: [31mRedis Client Error:  Connection timeout[0m
[2025-05-07 10:49:46] ERROR: [31mRedis Client Error:  Connection timeout[0m
[2025-05-07 10:49:51] ERROR: [31mRedis Client Error:  Connection timeout[0m
[2025-05-07 10:49:57] ERROR: [31mRedis Client Error:  Connection timeout[0m
[2025-05-07 10:50:02] ERROR: [31mRedis Client Error:  Connection timeout[0m
[2025-05-07 10:50:08] ERROR: [31mRedis Client Error:  Connection timeout[0m
[2025-05-07 10:50:13] ERROR: [31mRedis Client Error:  Connection timeout[0m
[2025-05-07 10:50:19] ERROR: [31mRedis Client Error:  Connection timeout[0m
[2025-05-07 10:50:24] ERROR: [31mRedis Client Error:  Connection timeout[0m
[2025-05-07 10:50:25] ERROR: [31mRedis Client Error:  getaddrinfo ENOTFOUND redis-10579.c264.ap-south-1-1.ec2.redns.redis-cloud.com[0m
[2025-05-07 10:50:26] ERROR: [31mRedis Client Error:  getaddrinfo ENOTFOUND redis-10579.c264.ap-south-1-1.ec2.redns.redis-cloud.com[0m
[2025-05-07 10:50:26] ERROR: [31mRedis Client Error:  getaddrinfo ENOTFOUND redis-10579.c264.ap-south-1-1.ec2.redns.redis-cloud.com[0m
[2025-05-07 10:50:27] ERROR: [31mRedis Client Error:  getaddrinfo ENOTFOUND redis-10579.c264.ap-south-1-1.ec2.redns.redis-cloud.com[0m
[2025-05-07 10:50:27] ERROR: [31mRedis Client Error:  getaddrinfo ENOTFOUND redis-10579.c264.ap-south-1-1.ec2.redns.redis-cloud.com[0m
[2025-05-07 10:50:28] ERROR: [31mRedis Client Error:  getaddrinfo ENOTFOUND redis-10579.c264.ap-south-1-1.ec2.redns.redis-cloud.com[0m
[2025-05-07 13:14:08] ERROR: [31mStartup error: Database connection failed[0m
[2025-05-07 17:46:37] ERROR: [31mRedis Client Error:  read ECONNRESET[0m
[2025-05-07 17:46:37] ERROR: [31mRedis Client Error:  getaddrinfo ENOTFOUND redis-10579.c264.ap-south-1-1.ec2.redns.redis-cloud.com[0m
[2025-05-07 17:46:37] ERROR: [31mRedis Client Error:  getaddrinfo ENOTFOUND redis-10579.c264.ap-south-1-1.ec2.redns.redis-cloud.com[0m
[2025-05-07 17:46:37] ERROR: [31mRedis Client Error:  getaddrinfo ENOTFOUND redis-10579.c264.ap-south-1-1.ec2.redns.redis-cloud.com[0m
[2025-05-07 17:46:37] ERROR: [31mRedis Client Error:  getaddrinfo ENOTFOUND redis-10579.c264.ap-south-1-1.ec2.redns.redis-cloud.com[0m
[2025-05-07 17:46:37] ERROR: [31mRedis Client Error:  getaddrinfo ENOTFOUND redis-10579.c264.ap-south-1-1.ec2.redns.redis-cloud.com[0m
[2025-05-07 17:46:38] ERROR: [31mRedis Client Error:  getaddrinfo ENOTFOUND redis-10579.c264.ap-south-1-1.ec2.redns.redis-cloud.com[0m
[2025-05-07 17:46:38] ERROR: [31mRedis Client Error:  getaddrinfo ENOTFOUND redis-10579.c264.ap-south-1-1.ec2.redns.redis-cloud.com[0m
[2025-05-07 17:46:38] ERROR: [31mRedis Client Error:  getaddrinfo ENOTFOUND redis-10579.c264.ap-south-1-1.ec2.redns.redis-cloud.com[0m
[2025-05-07 17:46:38] ERROR: [31mRedis Client Error:  getaddrinfo ENOTFOUND redis-10579.c264.ap-south-1-1.ec2.redns.redis-cloud.com[0m
[2025-05-07 17:46:39] ERROR: [31mRedis Client Error:  getaddrinfo ENOTFOUND redis-10579.c264.ap-south-1-1.ec2.redns.redis-cloud.com[0m
[2025-05-07 17:46:39] ERROR: [31mRedis Client Error:  getaddrinfo ENOTFOUND redis-10579.c264.ap-south-1-1.ec2.redns.redis-cloud.com[0m
[2025-05-07 17:46:40] ERROR: [31mRedis Client Error:  getaddrinfo ENOTFOUND redis-10579.c264.ap-south-1-1.ec2.redns.redis-cloud.com[0m
[2025-05-07 17:46:40] ERROR: [31mRedis Client Error:  getaddrinfo ENOTFOUND redis-10579.c264.ap-south-1-1.ec2.redns.redis-cloud.com[0m
[2025-05-07 17:46:41] ERROR: [31mRedis Client Error:  getaddrinfo ENOTFOUND redis-10579.c264.ap-south-1-1.ec2.redns.redis-cloud.com[0m
[2025-05-07 17:46:41] ERROR: [31mRedis Client Error:  getaddrinfo ENOTFOUND redis-10579.c264.ap-south-1-1.ec2.redns.redis-cloud.com[0m
[2025-05-07 17:46:42] ERROR: [31mRedis Client Error:  getaddrinfo ENOTFOUND redis-10579.c264.ap-south-1-1.ec2.redns.redis-cloud.com[0m
[2025-05-07 17:46:42] ERROR: [31mRedis Client Error:  getaddrinfo ENOTFOUND redis-10579.c264.ap-south-1-1.ec2.redns.redis-cloud.com[0m
[2025-05-07 17:46:43] ERROR: [31mRedis Client Error:  getaddrinfo ENOTFOUND redis-10579.c264.ap-south-1-1.ec2.redns.redis-cloud.com[0m
[2025-05-07 17:46:43] ERROR: [31mRedis Client Error:  getaddrinfo ENOTFOUND redis-10579.c264.ap-south-1-1.ec2.redns.redis-cloud.com[0m
[2025-05-07 17:46:44] ERROR: [31mRedis Client Error:  getaddrinfo ENOTFOUND redis-10579.c264.ap-south-1-1.ec2.redns.redis-cloud.com[0m
[2025-05-07 17:46:44] ERROR: [31mRedis Client Error:  getaddrinfo ENOTFOUND redis-10579.c264.ap-south-1-1.ec2.redns.redis-cloud.com[0m
[2025-05-07 17:46:45] ERROR: [31mRedis Client Error:  getaddrinfo ENOTFOUND redis-10579.c264.ap-south-1-1.ec2.redns.redis-cloud.com[0m
[2025-05-07 17:46:45] ERROR: [31mRedis Client Error:  getaddrinfo ENOTFOUND redis-10579.c264.ap-south-1-1.ec2.redns.redis-cloud.com[0m
[2025-05-07 17:46:46] ERROR: [31mRedis Client Error:  getaddrinfo ENOTFOUND redis-10579.c264.ap-south-1-1.ec2.redns.redis-cloud.com[0m
[2025-05-07 17:46:47] ERROR: [31mRedis Client Error:  getaddrinfo ENOTFOUND redis-10579.c264.ap-south-1-1.ec2.redns.redis-cloud.com[0m
[2025-05-07 17:46:47] ERROR: [31mRedis Client Error:  getaddrinfo ENOTFOUND redis-10579.c264.ap-south-1-1.ec2.redns.redis-cloud.com[0m
[2025-05-07 17:46:48] ERROR: [31mRedis Client Error:  getaddrinfo ENOTFOUND redis-10579.c264.ap-south-1-1.ec2.redns.redis-cloud.com[0m
[2025-05-07 17:46:48] ERROR: [31mRedis Client Error:  getaddrinfo ENOTFOUND redis-10579.c264.ap-south-1-1.ec2.redns.redis-cloud.com[0m
[2025-05-07 17:46:49] ERROR: [31mRedis Client Error:  getaddrinfo ENOTFOUND redis-10579.c264.ap-south-1-1.ec2.redns.redis-cloud.com[0m
[2025-05-07 17:46:49] ERROR: [31mRedis Client Error:  getaddrinfo ENOTFOUND redis-10579.c264.ap-south-1-1.ec2.redns.redis-cloud.com[0m
[2025-05-07 17:46:50] ERROR: [31mRedis Client Error:  getaddrinfo ENOTFOUND redis-10579.c264.ap-south-1-1.ec2.redns.redis-cloud.com[0m
[2025-05-07 17:46:50] ERROR: [31mRedis Client Error:  getaddrinfo ENOTFOUND redis-10579.c264.ap-south-1-1.ec2.redns.redis-cloud.com[0m
[2025-05-07 17:46:51] ERROR: [31mRedis Client Error:  getaddrinfo ENOTFOUND redis-10579.c264.ap-south-1-1.ec2.redns.redis-cloud.com[0m
[2025-05-07 17:46:51] ERROR: [31mRedis Client Error:  getaddrinfo ENOTFOUND redis-10579.c264.ap-south-1-1.ec2.redns.redis-cloud.com[0m
[2025-05-07 17:46:52] ERROR: [31mRedis Client Error:  getaddrinfo ENOTFOUND redis-10579.c264.ap-south-1-1.ec2.redns.redis-cloud.com[0m
[2025-05-07 17:46:52] ERROR: [31mRedis Client Error:  getaddrinfo ENOTFOUND redis-10579.c264.ap-south-1-1.ec2.redns.redis-cloud.com[0m
[2025-05-07 17:46:53] ERROR: [31mRedis Client Error:  getaddrinfo ENOTFOUND redis-10579.c264.ap-south-1-1.ec2.redns.redis-cloud.com[0m
[2025-05-07 17:46:53] ERROR: [31mRedis Client Error:  getaddrinfo ENOTFOUND redis-10579.c264.ap-south-1-1.ec2.redns.redis-cloud.com[0m
[2025-05-07 17:46:54] ERROR: [31mRedis Client Error:  getaddrinfo ENOTFOUND redis-10579.c264.ap-south-1-1.ec2.redns.redis-cloud.com[0m
[2025-05-07 17:46:54] ERROR: [31mRedis Client Error:  getaddrinfo ENOTFOUND redis-10579.c264.ap-south-1-1.ec2.redns.redis-cloud.com[0m
[2025-05-07 17:46:55] ERROR: [31mRedis Client Error:  getaddrinfo ENOTFOUND redis-10579.c264.ap-south-1-1.ec2.redns.redis-cloud.com[0m
[2025-05-07 17:46:55] ERROR: [31mRedis Client Error:  getaddrinfo ENOTFOUND redis-10579.c264.ap-south-1-1.ec2.redns.redis-cloud.com[0m
[2025-05-07 17:46:56] ERROR: [31mRedis Client Error:  getaddrinfo ENOTFOUND redis-10579.c264.ap-south-1-1.ec2.redns.redis-cloud.com[0m
[2025-05-07 17:46:56] ERROR: [31mRedis Client Error:  getaddrinfo ENOTFOUND redis-10579.c264.ap-south-1-1.ec2.redns.redis-cloud.com[0m
[2025-05-07 17:46:57] ERROR: [31mRedis Client Error:  getaddrinfo ENOTFOUND redis-10579.c264.ap-south-1-1.ec2.redns.redis-cloud.com[0m
[2025-05-07 17:46:57] ERROR: [31mRedis Client Error:  getaddrinfo ENOTFOUND redis-10579.c264.ap-south-1-1.ec2.redns.redis-cloud.com[0m
[2025-05-07 17:46:58] ERROR: [31mRedis Client Error:  getaddrinfo ENOTFOUND redis-10579.c264.ap-south-1-1.ec2.redns.redis-cloud.com[0m
[2025-05-07 17:46:58] ERROR: [31mRedis Client Error:  getaddrinfo ENOTFOUND redis-10579.c264.ap-south-1-1.ec2.redns.redis-cloud.com[0m
[2025-05-07 17:46:59] ERROR: [31mRedis Client Error:  getaddrinfo ENOTFOUND redis-10579.c264.ap-south-1-1.ec2.redns.redis-cloud.com[0m
[2025-05-07 17:46:59] ERROR: [31mRedis Client Error:  getaddrinfo ENOTFOUND redis-10579.c264.ap-south-1-1.ec2.redns.redis-cloud.com[0m
[2025-05-07 17:47:00] ERROR: [31mRedis Client Error:  getaddrinfo ENOTFOUND redis-10579.c264.ap-south-1-1.ec2.redns.redis-cloud.com[0m
[2025-05-07 17:47:00] ERROR: [31mRedis Client Error:  getaddrinfo ENOTFOUND redis-10579.c264.ap-south-1-1.ec2.redns.redis-cloud.com[0m
[2025-05-07 17:47:01] ERROR: [31mRedis Client Error:  getaddrinfo ENOTFOUND redis-10579.c264.ap-south-1-1.ec2.redns.redis-cloud.com[0m
[2025-05-07 17:47:01] ERROR: [31mRedis Client Error:  getaddrinfo ENOTFOUND redis-10579.c264.ap-south-1-1.ec2.redns.redis-cloud.com[0m
[2025-05-07 17:47:02] ERROR: [31mRedis Client Error:  getaddrinfo ENOTFOUND redis-10579.c264.ap-south-1-1.ec2.redns.redis-cloud.com[0m
[2025-05-07 17:47:02] ERROR: [31mRedis Client Error:  getaddrinfo ENOTFOUND redis-10579.c264.ap-south-1-1.ec2.redns.redis-cloud.com[0m
[2025-05-07 17:47:03] ERROR: [31mRedis Client Error:  getaddrinfo ENOTFOUND redis-10579.c264.ap-south-1-1.ec2.redns.redis-cloud.com[0m
[2025-05-07 17:47:03] ERROR: [31mRedis Client Error:  getaddrinfo ENOTFOUND redis-10579.c264.ap-south-1-1.ec2.redns.redis-cloud.com[0m
[2025-05-07 17:47:04] ERROR: [31mRedis Client Error:  getaddrinfo ENOTFOUND redis-10579.c264.ap-south-1-1.ec2.redns.redis-cloud.com[0m
[2025-05-07 17:47:04] ERROR: [31mRedis Client Error:  getaddrinfo ENOTFOUND redis-10579.c264.ap-south-1-1.ec2.redns.redis-cloud.com[0m
[2025-05-07 17:47:05] ERROR: [31mRedis Client Error:  getaddrinfo ENOTFOUND redis-10579.c264.ap-south-1-1.ec2.redns.redis-cloud.com[0m
[2025-05-07 17:47:06] ERROR: [31mRedis Client Error:  getaddrinfo ENOTFOUND redis-10579.c264.ap-south-1-1.ec2.redns.redis-cloud.com[0m
[2025-05-07 17:47:06] ERROR: [31mRedis Client Error:  getaddrinfo ENOTFOUND redis-10579.c264.ap-south-1-1.ec2.redns.redis-cloud.com[0m
[2025-05-07 17:47:07] ERROR: [31mRedis Client Error:  getaddrinfo ENOTFOUND redis-10579.c264.ap-south-1-1.ec2.redns.redis-cloud.com[0m
[2025-05-07 17:47:07] ERROR: [31mRedis Client Error:  getaddrinfo ENOTFOUND redis-10579.c264.ap-south-1-1.ec2.redns.redis-cloud.com[0m
[2025-05-07 17:47:08] ERROR: [31mRedis Client Error:  getaddrinfo ENOTFOUND redis-10579.c264.ap-south-1-1.ec2.redns.redis-cloud.com[0m
[2025-05-07 17:47:08] ERROR: [31mRedis Client Error:  getaddrinfo ENOTFOUND redis-10579.c264.ap-south-1-1.ec2.redns.redis-cloud.com[0m
[2025-05-07 17:47:09] ERROR: [31mRedis Client Error:  getaddrinfo ENOTFOUND redis-10579.c264.ap-south-1-1.ec2.redns.redis-cloud.com[0m
[2025-05-07 17:47:09] ERROR: [31mRedis Client Error:  getaddrinfo ENOTFOUND redis-10579.c264.ap-south-1-1.ec2.redns.redis-cloud.com[0m
[2025-05-07 17:47:10] ERROR: [31mRedis Client Error:  getaddrinfo ENOTFOUND redis-10579.c264.ap-south-1-1.ec2.redns.redis-cloud.com[0m
[2025-05-07 17:47:10] ERROR: [31mRedis Client Error:  getaddrinfo ENOTFOUND redis-10579.c264.ap-south-1-1.ec2.redns.redis-cloud.com[0m
[2025-05-07 17:47:11] ERROR: [31mRedis Client Error:  getaddrinfo ENOTFOUND redis-10579.c264.ap-south-1-1.ec2.redns.redis-cloud.com[0m
[2025-05-07 17:47:11] ERROR: [31mRedis Client Error:  getaddrinfo ENOTFOUND redis-10579.c264.ap-south-1-1.ec2.redns.redis-cloud.com[0m
[2025-05-07 17:47:12] ERROR: [31mRedis Client Error:  getaddrinfo ENOTFOUND redis-10579.c264.ap-south-1-1.ec2.redns.redis-cloud.com[0m
[2025-05-07 17:47:12] ERROR: [31mRedis Client Error:  getaddrinfo ENOTFOUND redis-10579.c264.ap-south-1-1.ec2.redns.redis-cloud.com[0m
[2025-05-07 17:47:13] ERROR: [31mRedis Client Error:  getaddrinfo ENOTFOUND redis-10579.c264.ap-south-1-1.ec2.redns.redis-cloud.com[0m
[2025-05-07 17:47:13] ERROR: [31mRedis Client Error:  getaddrinfo ENOTFOUND redis-10579.c264.ap-south-1-1.ec2.redns.redis-cloud.com[0m
[2025-05-07 17:47:14] ERROR: [31mRedis Client Error:  getaddrinfo ENOTFOUND redis-10579.c264.ap-south-1-1.ec2.redns.redis-cloud.com[0m
[2025-05-07 18:05:31] ERROR: [31mRedis Client Error:  read ECONNRESET[0m
[2025-05-07 18:12:43] ERROR: [31mRedis Client Error:  read ECONNRESET[0m
[2025-05-07 18:12:43] ERROR: [31mRedis Client Error:  getaddrinfo ENOTFOUND redis-10579.c264.ap-south-1-1.ec2.redns.redis-cloud.com[0m
[2025-05-07 18:12:43] ERROR: [31mRedis Client Error:  getaddrinfo ENOTFOUND redis-10579.c264.ap-south-1-1.ec2.redns.redis-cloud.com[0m
[2025-05-07 18:12:43] ERROR: [31mRedis Client Error:  getaddrinfo ENOTFOUND redis-10579.c264.ap-south-1-1.ec2.redns.redis-cloud.com[0m
[2025-05-07 18:12:43] ERROR: [31mRedis Client Error:  getaddrinfo ENOTFOUND redis-10579.c264.ap-south-1-1.ec2.redns.redis-cloud.com[0m
[2025-05-07 18:12:44] ERROR: [31mRedis Client Error:  getaddrinfo ENOTFOUND redis-10579.c264.ap-south-1-1.ec2.redns.redis-cloud.com[0m
[2025-05-07 18:12:44] ERROR: [31mRedis Client Error:  getaddrinfo ENOTFOUND redis-10579.c264.ap-south-1-1.ec2.redns.redis-cloud.com[0m
[2025-05-07 18:12:44] ERROR: [31mRedis Client Error:  getaddrinfo ENOTFOUND redis-10579.c264.ap-south-1-1.ec2.redns.redis-cloud.com[0m
[2025-05-07 18:12:45] ERROR: [31mRedis Client Error:  getaddrinfo ENOTFOUND redis-10579.c264.ap-south-1-1.ec2.redns.redis-cloud.com[0m
[2025-05-07 18:12:45] ERROR: [31mRedis Client Error:  getaddrinfo ENOTFOUND redis-10579.c264.ap-south-1-1.ec2.redns.redis-cloud.com[0m
[2025-05-07 18:12:46] ERROR: [31mRedis Client Error:  getaddrinfo ENOTFOUND redis-10579.c264.ap-south-1-1.ec2.redns.redis-cloud.com[0m
[2025-05-07 18:12:46] ERROR: [31mRedis Client Error:  getaddrinfo ENOTFOUND redis-10579.c264.ap-south-1-1.ec2.redns.redis-cloud.com[0m
[2025-05-07 18:12:47] ERROR: [31mRedis Client Error:  getaddrinfo ENOTFOUND redis-10579.c264.ap-south-1-1.ec2.redns.redis-cloud.com[0m
[2025-05-07 18:12:47] ERROR: [31mRedis Client Error:  getaddrinfo ENOTFOUND redis-10579.c264.ap-south-1-1.ec2.redns.redis-cloud.com[0m
[2025-05-07 18:12:48] ERROR: [31mRedis Client Error:  getaddrinfo ENOTFOUND redis-10579.c264.ap-south-1-1.ec2.redns.redis-cloud.com[0m
[2025-05-07 18:12:48] ERROR: [31mRedis Client Error:  getaddrinfo ENOTFOUND redis-10579.c264.ap-south-1-1.ec2.redns.redis-cloud.com[0m
[2025-05-07 18:12:49] ERROR: [31mRedis Client Error:  getaddrinfo ENOTFOUND redis-10579.c264.ap-south-1-1.ec2.redns.redis-cloud.com[0m
[2025-05-07 18:12:49] ERROR: [31mRedis Client Error:  getaddrinfo ENOTFOUND redis-10579.c264.ap-south-1-1.ec2.redns.redis-cloud.com[0m
[2025-05-07 18:12:50] ERROR: [31mRedis Client Error:  getaddrinfo ENOTFOUND redis-10579.c264.ap-south-1-1.ec2.redns.redis-cloud.com[0m
[2025-05-07 18:12:50] ERROR: [31mRedis Client Error:  getaddrinfo ENOTFOUND redis-10579.c264.ap-south-1-1.ec2.redns.redis-cloud.com[0m
[2025-05-07 18:12:51] ERROR: [31mRedis Client Error:  getaddrinfo ENOTFOUND redis-10579.c264.ap-south-1-1.ec2.redns.redis-cloud.com[0m
[2025-05-07 18:12:51] ERROR: [31mRedis Client Error:  getaddrinfo ENOTFOUND redis-10579.c264.ap-south-1-1.ec2.redns.redis-cloud.com[0m
[2025-05-07 18:12:52] ERROR: [31mRedis Client Error:  getaddrinfo ENOTFOUND redis-10579.c264.ap-south-1-1.ec2.redns.redis-cloud.com[0m
[2025-05-07 18:12:52] ERROR: [31mRedis Client Error:  getaddrinfo ENOTFOUND redis-10579.c264.ap-south-1-1.ec2.redns.redis-cloud.com[0m
[2025-05-07 18:12:54] ERROR: [31mRedis Client Error:  getaddrinfo ENOTFOUND redis-10579.c264.ap-south-1-1.ec2.redns.redis-cloud.com[0m
[2025-05-07 18:12:54] ERROR: [31mRedis Client Error:  getaddrinfo ENOTFOUND redis-10579.c264.ap-south-1-1.ec2.redns.redis-cloud.com[0m
[2025-05-07 18:12:55] ERROR: [31mRedis Client Error:  getaddrinfo ENOTFOUND redis-10579.c264.ap-south-1-1.ec2.redns.redis-cloud.com[0m
[2025-05-07 18:12:56] ERROR: [31mRedis Client Error:  getaddrinfo ENOTFOUND redis-10579.c264.ap-south-1-1.ec2.redns.redis-cloud.com[0m
[2025-05-07 18:12:56] ERROR: [31mRedis Client Error:  getaddrinfo ENOTFOUND redis-10579.c264.ap-south-1-1.ec2.redns.redis-cloud.com[0m
[2025-05-07 18:12:57] ERROR: [31mRedis Client Error:  getaddrinfo ENOTFOUND redis-10579.c264.ap-south-1-1.ec2.redns.redis-cloud.com[0m
[2025-05-07 18:12:57] ERROR: [31mRedis Client Error:  getaddrinfo ENOTFOUND redis-10579.c264.ap-south-1-1.ec2.redns.redis-cloud.com[0m
[2025-05-07 18:12:58] ERROR: [31mRedis Client Error:  getaddrinfo ENOTFOUND redis-10579.c264.ap-south-1-1.ec2.redns.redis-cloud.com[0m
[2025-05-07 18:12:58] ERROR: [31mRedis Client Error:  getaddrinfo ENOTFOUND redis-10579.c264.ap-south-1-1.ec2.redns.redis-cloud.com[0m
[2025-05-07 18:12:59] ERROR: [31mRedis Client Error:  getaddrinfo ENOTFOUND redis-10579.c264.ap-south-1-1.ec2.redns.redis-cloud.com[0m
[2025-05-07 18:12:59] ERROR: [31mRedis Client Error:  getaddrinfo ENOTFOUND redis-10579.c264.ap-south-1-1.ec2.redns.redis-cloud.com[0m
[2025-05-07 18:13:00] ERROR: [31mRedis Client Error:  getaddrinfo ENOTFOUND redis-10579.c264.ap-south-1-1.ec2.redns.redis-cloud.com[0m
[2025-05-07 18:13:00] ERROR: [31mRedis Client Error:  getaddrinfo ENOTFOUND redis-10579.c264.ap-south-1-1.ec2.redns.redis-cloud.com[0m
[2025-05-07 18:13:01] ERROR: [31mRedis Client Error:  getaddrinfo ENOTFOUND redis-10579.c264.ap-south-1-1.ec2.redns.redis-cloud.com[0m
[2025-05-07 18:13:01] ERROR: [31mRedis Client Error:  getaddrinfo ENOTFOUND redis-10579.c264.ap-south-1-1.ec2.redns.redis-cloud.com[0m
[2025-05-07 18:13:02] ERROR: [31mRedis Client Error:  getaddrinfo ENOTFOUND redis-10579.c264.ap-south-1-1.ec2.redns.redis-cloud.com[0m
[2025-05-07 18:13:02] ERROR: [31mRedis Client Error:  getaddrinfo ENOTFOUND redis-10579.c264.ap-south-1-1.ec2.redns.redis-cloud.com[0m
[2025-05-07 18:13:03] ERROR: [31mRedis Client Error:  getaddrinfo ENOTFOUND redis-10579.c264.ap-south-1-1.ec2.redns.redis-cloud.com[0m
[2025-05-07 18:13:03] ERROR: [31mRedis Client Error:  getaddrinfo ENOTFOUND redis-10579.c264.ap-south-1-1.ec2.redns.redis-cloud.com[0m
[2025-05-07 18:13:04] ERROR: [31mRedis Client Error:  getaddrinfo ENOTFOUND redis-10579.c264.ap-south-1-1.ec2.redns.redis-cloud.com[0m
[2025-05-07 18:13:04] ERROR: [31mRedis Client Error:  getaddrinfo ENOTFOUND redis-10579.c264.ap-south-1-1.ec2.redns.redis-cloud.com[0m
[2025-05-07 18:13:05] ERROR: [31mRedis Client Error:  getaddrinfo ENOTFOUND redis-10579.c264.ap-south-1-1.ec2.redns.redis-cloud.com[0m
[2025-05-07 18:13:05] ERROR: [31mRedis Client Error:  getaddrinfo ENOTFOUND redis-10579.c264.ap-south-1-1.ec2.redns.redis-cloud.com[0m
[2025-05-07 18:13:06] ERROR: [31mRedis Client Error:  getaddrinfo ENOTFOUND redis-10579.c264.ap-south-1-1.ec2.redns.redis-cloud.com[0m
[2025-05-07 18:13:06] ERROR: [31mRedis Client Error:  getaddrinfo ENOTFOUND redis-10579.c264.ap-south-1-1.ec2.redns.redis-cloud.com[0m
[2025-05-07 18:13:07] ERROR: [31mRedis Client Error:  getaddrinfo ENOTFOUND redis-10579.c264.ap-south-1-1.ec2.redns.redis-cloud.com[0m
[2025-05-07 18:13:07] ERROR: [31mRedis Client Error:  getaddrinfo ENOTFOUND redis-10579.c264.ap-south-1-1.ec2.redns.redis-cloud.com[0m
[2025-05-07 18:13:08] ERROR: [31mRedis Client Error:  getaddrinfo ENOTFOUND redis-10579.c264.ap-south-1-1.ec2.redns.redis-cloud.com[0m
[2025-05-07 18:13:08] ERROR: [31mRedis Client Error:  getaddrinfo ENOTFOUND redis-10579.c264.ap-south-1-1.ec2.redns.redis-cloud.com[0m
[2025-05-07 18:13:09] ERROR: [31mRedis Client Error:  getaddrinfo ENOTFOUND redis-10579.c264.ap-south-1-1.ec2.redns.redis-cloud.com[0m
[2025-05-07 18:13:09] ERROR: [31mRedis Client Error:  getaddrinfo ENOTFOUND redis-10579.c264.ap-south-1-1.ec2.redns.redis-cloud.com[0m
[2025-05-07 18:13:10] ERROR: [31mRedis Client Error:  getaddrinfo ENOTFOUND redis-10579.c264.ap-south-1-1.ec2.redns.redis-cloud.com[0m
[2025-05-07 18:13:10] ERROR: [31mRedis Client Error:  getaddrinfo ENOTFOUND redis-10579.c264.ap-south-1-1.ec2.redns.redis-cloud.com[0m
[2025-05-07 18:13:11] ERROR: [31mRedis Client Error:  getaddrinfo ENOTFOUND redis-10579.c264.ap-south-1-1.ec2.redns.redis-cloud.com[0m
[2025-05-07 18:13:11] ERROR: [31mRedis Client Error:  getaddrinfo ENOTFOUND redis-10579.c264.ap-south-1-1.ec2.redns.redis-cloud.com[0m
[2025-05-07 18:13:12] ERROR: [31mRedis Client Error:  getaddrinfo ENOTFOUND redis-10579.c264.ap-south-1-1.ec2.redns.redis-cloud.com[0m
[2025-05-07 18:13:12] ERROR: [31mRedis Client Error:  getaddrinfo ENOTFOUND redis-10579.c264.ap-south-1-1.ec2.redns.redis-cloud.com[0m
[2025-05-07 18:13:13] ERROR: [31mRedis Client Error:  getaddrinfo ENOTFOUND redis-10579.c264.ap-south-1-1.ec2.redns.redis-cloud.com[0m
[2025-05-07 18:13:13] ERROR: [31mRedis Client Error:  getaddrinfo ENOTFOUND redis-10579.c264.ap-south-1-1.ec2.redns.redis-cloud.com[0m
[2025-05-07 18:13:14] ERROR: [31mRedis Client Error:  getaddrinfo ENOTFOUND redis-10579.c264.ap-south-1-1.ec2.redns.redis-cloud.com[0m
[2025-05-07 18:13:14] ERROR: [31mRedis Client Error:  getaddrinfo ENOTFOUND redis-10579.c264.ap-south-1-1.ec2.redns.redis-cloud.com[0m
[2025-05-07 18:13:15] ERROR: [31mRedis Client Error:  getaddrinfo ENOTFOUND redis-10579.c264.ap-south-1-1.ec2.redns.redis-cloud.com[0m
[2025-05-07 18:13:15] ERROR: [31mRedis Client Error:  getaddrinfo ENOTFOUND redis-10579.c264.ap-south-1-1.ec2.redns.redis-cloud.com[0m
[2025-05-07 18:13:16] ERROR: [31mRedis Client Error:  getaddrinfo ENOTFOUND redis-10579.c264.ap-south-1-1.ec2.redns.redis-cloud.com[0m
[2025-05-07 18:13:16] ERROR: [31mRedis Client Error:  getaddrinfo ENOTFOUND redis-10579.c264.ap-south-1-1.ec2.redns.redis-cloud.com[0m
[2025-05-07 18:13:17] ERROR: [31mRedis Client Error:  getaddrinfo ENOTFOUND redis-10579.c264.ap-south-1-1.ec2.redns.redis-cloud.com[0m
[2025-05-07 18:13:18] ERROR: [31mRedis Client Error:  getaddrinfo ENOTFOUND redis-10579.c264.ap-south-1-1.ec2.redns.redis-cloud.com[0m
[2025-05-07 18:23:17] ERROR: [31mRedis Client Error:  read ECONNRESET[0m
[2025-05-07 18:23:22] ERROR: [31mRedis Client Error:  Connection timeout[0m
[2025-05-07 18:23:32] ERROR: [31mRedis Client Error:  read ECONNRESET[0m
[2025-05-07 18:23:32] ERROR: [31mRedis Client Error:  getaddrinfo ENOTFOUND redis-10579.c264.ap-south-1-1.ec2.redns.redis-cloud.com[0m
[2025-05-07 18:23:32] ERROR: [31mRedis Client Error:  getaddrinfo ENOTFOUND redis-10579.c264.ap-south-1-1.ec2.redns.redis-cloud.com[0m
[2025-05-07 18:23:32] ERROR: [31mRedis Client Error:  getaddrinfo ENOTFOUND redis-10579.c264.ap-south-1-1.ec2.redns.redis-cloud.com[0m
[2025-05-07 18:23:33] ERROR: [31mRedis Client Error:  getaddrinfo ENOTFOUND redis-10579.c264.ap-south-1-1.ec2.redns.redis-cloud.com[0m
[2025-05-07 18:23:33] ERROR: [31mRedis Client Error:  getaddrinfo ENOTFOUND redis-10579.c264.ap-south-1-1.ec2.redns.redis-cloud.com[0m
[2025-05-07 18:23:33] ERROR: [31mRedis Client Error:  getaddrinfo ENOTFOUND redis-10579.c264.ap-south-1-1.ec2.redns.redis-cloud.com[0m
[2025-05-07 18:23:33] ERROR: [31mRedis Client Error:  getaddrinfo ENOTFOUND redis-10579.c264.ap-south-1-1.ec2.redns.redis-cloud.com[0m
[2025-05-07 18:23:34] ERROR: [31mRedis Client Error:  getaddrinfo ENOTFOUND redis-10579.c264.ap-south-1-1.ec2.redns.redis-cloud.com[0m
[2025-05-07 18:24:16] ERROR: [31mRedis Client Error:  read ECONNRESET[0m
[2025-05-07 18:24:21] ERROR: [31mRedis Client Error:  Connection timeout[0m
[2025-05-07 18:24:26] ERROR: [31mRedis Client Error:  Connection timeout[0m
[2025-05-07 18:24:27] ERROR: [31mRedis Client Error:  getaddrinfo ENOTFOUND redis-10579.c264.ap-south-1-1.ec2.redns.redis-cloud.com[0m
[2025-05-07 18:24:27] ERROR: [31mRedis Client Error:  getaddrinfo ENOTFOUND redis-10579.c264.ap-south-1-1.ec2.redns.redis-cloud.com[0m
[2025-05-07 18:24:27] ERROR: [31mRedis Client Error:  getaddrinfo ENOTFOUND redis-10579.c264.ap-south-1-1.ec2.redns.redis-cloud.com[0m
[2025-05-07 19:44:57] ERROR: [31mRedis Client Error:  read ECONNRESET[0m
[2025-05-07 19:46:25] ERROR: [31mRedis Client Error:  read ECONNRESET[0m
[2025-05-07 19:46:25] ERROR: [31mRedis Client Error:  getaddrinfo ENOTFOUND redis-10579.c264.ap-south-1-1.ec2.redns.redis-cloud.com[0m
[2025-05-07 19:46:25] ERROR: [31mRedis Client Error:  getaddrinfo ENOTFOUND redis-10579.c264.ap-south-1-1.ec2.redns.redis-cloud.com[0m
[2025-05-07 19:46:25] ERROR: [31mRedis Client Error:  getaddrinfo ENOTFOUND redis-10579.c264.ap-south-1-1.ec2.redns.redis-cloud.com[0m
[2025-05-07 19:46:25] ERROR: [31mRedis Client Error:  getaddrinfo ENOTFOUND redis-10579.c264.ap-south-1-1.ec2.redns.redis-cloud.com[0m
[2025-05-07 19:46:25] ERROR: [31mRedis Client Error:  getaddrinfo ENOTFOUND redis-10579.c264.ap-south-1-1.ec2.redns.redis-cloud.com[0m
[2025-05-07 19:46:25] ERROR: [31mRedis Client Error:  getaddrinfo ENOTFOUND redis-10579.c264.ap-south-1-1.ec2.redns.redis-cloud.com[0m
[2025-05-07 19:46:25] ERROR: [31mRedis Client Error:  getaddrinfo ENOTFOUND redis-10579.c264.ap-south-1-1.ec2.redns.redis-cloud.com[0m
[2025-05-07 19:46:26] ERROR: [31mRedis Client Error:  getaddrinfo ENOTFOUND redis-10579.c264.ap-south-1-1.ec2.redns.redis-cloud.com[0m
[2025-05-07 19:46:26] ERROR: [31mRedis Client Error:  getaddrinfo ENOTFOUND redis-10579.c264.ap-south-1-1.ec2.redns.redis-cloud.com[0m
[2025-05-07 19:46:26] ERROR: [31mRedis Client Error:  getaddrinfo ENOTFOUND redis-10579.c264.ap-south-1-1.ec2.redns.redis-cloud.com[0m
[2025-05-07 19:46:27] ERROR: [31mRedis Client Error:  getaddrinfo ENOTFOUND redis-10579.c264.ap-south-1-1.ec2.redns.redis-cloud.com[0m
[2025-05-07 19:46:27] ERROR: [31mRedis Client Error:  getaddrinfo ENOTFOUND redis-10579.c264.ap-south-1-1.ec2.redns.redis-cloud.com[0m
[2025-05-07 19:46:28] ERROR: [31mRedis Client Error:  getaddrinfo ENOTFOUND redis-10579.c264.ap-south-1-1.ec2.redns.redis-cloud.com[0m
[2025-05-07 19:46:28] ERROR: [31mRedis Client Error:  getaddrinfo ENOTFOUND redis-10579.c264.ap-south-1-1.ec2.redns.redis-cloud.com[0m
[2025-05-07 19:46:43] ERROR: [31mRedis Client Error:  read ECONNRESET[0m
[2025-05-07 19:46:43] ERROR: [31mRedis Client Error:  getaddrinfo ENOTFOUND redis-10579.c264.ap-south-1-1.ec2.redns.redis-cloud.com[0m
[2025-05-07 19:46:43] ERROR: [31mRedis Client Error:  getaddrinfo ENOTFOUND redis-10579.c264.ap-south-1-1.ec2.redns.redis-cloud.com[0m
[2025-05-07 19:46:43] ERROR: [31mRedis Client Error:  getaddrinfo ENOTFOUND redis-10579.c264.ap-south-1-1.ec2.redns.redis-cloud.com[0m
[2025-05-07 19:46:43] ERROR: [31mRedis Client Error:  getaddrinfo ENOTFOUND redis-10579.c264.ap-south-1-1.ec2.redns.redis-cloud.com[0m
[2025-05-07 19:46:43] ERROR: [31mRedis Client Error:  getaddrinfo ENOTFOUND redis-10579.c264.ap-south-1-1.ec2.redns.redis-cloud.com[0m
[2025-05-07 19:46:43] ERROR: [31mRedis Client Error:  getaddrinfo ENOTFOUND redis-10579.c264.ap-south-1-1.ec2.redns.redis-cloud.com[0m
[2025-05-07 19:46:43] ERROR: [31mRedis Client Error:  getaddrinfo ENOTFOUND redis-10579.c264.ap-south-1-1.ec2.redns.redis-cloud.com[0m
[2025-05-07 20:37:43] ERROR: [31mRedis Client Error:  read ECONNRESET[0m
[2025-05-07 20:37:43] ERROR: [31mRedis Client Error:  getaddrinfo ENOTFOUND redis-10579.c264.ap-south-1-1.ec2.redns.redis-cloud.com[0m
[2025-05-07 20:37:43] ERROR: [31mRedis Client Error:  getaddrinfo ENOTFOUND redis-10579.c264.ap-south-1-1.ec2.redns.redis-cloud.com[0m
[2025-05-07 20:37:43] ERROR: [31mRedis Client Error:  getaddrinfo ENOTFOUND redis-10579.c264.ap-south-1-1.ec2.redns.redis-cloud.com[0m
[2025-05-07 20:37:43] ERROR: [31mRedis Client Error:  getaddrinfo ENOTFOUND redis-10579.c264.ap-south-1-1.ec2.redns.redis-cloud.com[0m
[2025-05-07 20:37:44] ERROR: [31mRedis Client Error:  getaddrinfo ENOTFOUND redis-10579.c264.ap-south-1-1.ec2.redns.redis-cloud.com[0m
[2025-05-07 20:37:44] ERROR: [31mRedis Client Error:  getaddrinfo ENOTFOUND redis-10579.c264.ap-south-1-1.ec2.redns.redis-cloud.com[0m
[2025-05-07 20:37:44] ERROR: [31mRedis Client Error:  getaddrinfo ENOTFOUND redis-10579.c264.ap-south-1-1.ec2.redns.redis-cloud.com[0m
[2025-05-07 20:37:45] ERROR: [31mRedis Client Error:  getaddrinfo ENOTFOUND redis-10579.c264.ap-south-1-1.ec2.redns.redis-cloud.com[0m
[2025-05-07 20:37:45] ERROR: [31mRedis Client Error:  getaddrinfo ENOTFOUND redis-10579.c264.ap-south-1-1.ec2.redns.redis-cloud.com[0m
[2025-05-07 20:37:46] ERROR: [31mRedis Client Error:  getaddrinfo ENOTFOUND redis-10579.c264.ap-south-1-1.ec2.redns.redis-cloud.com[0m
[2025-05-07 20:37:46] ERROR: [31mRedis Client Error:  getaddrinfo ENOTFOUND redis-10579.c264.ap-south-1-1.ec2.redns.redis-cloud.com[0m
[2025-05-07 20:37:47] ERROR: [31mRedis Client Error:  getaddrinfo ENOTFOUND redis-10579.c264.ap-south-1-1.ec2.redns.redis-cloud.com[0m
[2025-05-07 20:37:47] ERROR: [31mRedis Client Error:  getaddrinfo ENOTFOUND redis-10579.c264.ap-south-1-1.ec2.redns.redis-cloud.com[0m
[2025-05-07 20:37:48] ERROR: [31mRedis Client Error:  getaddrinfo ENOTFOUND redis-10579.c264.ap-south-1-1.ec2.redns.redis-cloud.com[0m
[2025-05-07 21:05:15] ERROR: [31mRedis Client Error:  read ECONNRESET[0m
[2025-05-07 21:05:15] ERROR: [31mRedis Client Error:  getaddrinfo ENOTFOUND redis-10579.c264.ap-south-1-1.ec2.redns.redis-cloud.com[0m
[2025-05-07 21:05:15] ERROR: [31mRedis Client Error:  getaddrinfo ENOTFOUND redis-10579.c264.ap-south-1-1.ec2.redns.redis-cloud.com[0m
[2025-05-07 21:05:15] ERROR: [31mRedis Client Error:  getaddrinfo ENOTFOUND redis-10579.c264.ap-south-1-1.ec2.redns.redis-cloud.com[0m
[2025-05-07 21:05:15] ERROR: [31mRedis Client Error:  getaddrinfo ENOTFOUND redis-10579.c264.ap-south-1-1.ec2.redns.redis-cloud.com[0m
[2025-05-07 21:05:15] ERROR: [31mRedis Client Error:  getaddrinfo ENOTFOUND redis-10579.c264.ap-south-1-1.ec2.redns.redis-cloud.com[0m
[2025-05-07 21:05:15] ERROR: [31mRedis Client Error:  getaddrinfo ENOTFOUND redis-10579.c264.ap-south-1-1.ec2.redns.redis-cloud.com[0m
[2025-05-07 21:05:16] ERROR: [31mRedis Client Error:  getaddrinfo ENOTFOUND redis-10579.c264.ap-south-1-1.ec2.redns.redis-cloud.com[0m
[2025-05-07 21:05:16] ERROR: [31mRedis Client Error:  getaddrinfo ENOTFOUND redis-10579.c264.ap-south-1-1.ec2.redns.redis-cloud.com[0m
[2025-05-07 21:05:16] ERROR: [31mRedis Client Error:  getaddrinfo ENOTFOUND redis-10579.c264.ap-south-1-1.ec2.redns.redis-cloud.com[0m
[2025-05-07 21:05:17] ERROR: [31mRedis Client Error:  getaddrinfo ENOTFOUND redis-10579.c264.ap-south-1-1.ec2.redns.redis-cloud.com[0m
[2025-05-07 21:05:17] ERROR: [31mRedis Client Error:  getaddrinfo ENOTFOUND redis-10579.c264.ap-south-1-1.ec2.redns.redis-cloud.com[0m
[2025-05-07 21:05:18] ERROR: [31mRedis Client Error:  getaddrinfo ENOTFOUND redis-10579.c264.ap-south-1-1.ec2.redns.redis-cloud.com[0m
[2025-05-07 21:05:18] ERROR: [31mRedis Client Error:  getaddrinfo ENOTFOUND redis-10579.c264.ap-south-1-1.ec2.redns.redis-cloud.com[0m
[2025-05-07 21:05:23] ERROR: [31mRedis Client Error:  getaddrinfo ENOTFOUND redis-10579.c264.ap-south-1-1.ec2.redns.redis-cloud.com[0m
[2025-05-08 00:28:26] ERROR: [31mRedis Client Error:  getaddrinfo ENOTFOUND redis-10579.c264.ap-south-1-1.ec2.redns.redis-cloud.com[0m
[2025-05-08 00:28:27] ERROR: [31mRedis Client Error:  getaddrinfo ENOTFOUND redis-10579.c264.ap-south-1-1.ec2.redns.redis-cloud.com[0m
[2025-05-08 00:28:28] ERROR: [31mRedis Client Error:  getaddrinfo ENOTFOUND redis-10579.c264.ap-south-1-1.ec2.redns.redis-cloud.com[0m
[2025-05-08 00:28:28] ERROR: [31mRedis Client Error:  getaddrinfo ENOTFOUND redis-10579.c264.ap-south-1-1.ec2.redns.redis-cloud.com[0m
[2025-05-08 00:28:29] ERROR: [31mRedis Client Error:  getaddrinfo ENOTFOUND redis-10579.c264.ap-south-1-1.ec2.redns.redis-cloud.com[0m
[2025-05-08 00:28:29] ERROR: [31mRedis Client Error:  getaddrinfo ENOTFOUND redis-10579.c264.ap-south-1-1.ec2.redns.redis-cloud.com[0m
[2025-05-08 00:28:30] ERROR: [31mRedis Client Error:  getaddrinfo ENOTFOUND redis-10579.c264.ap-south-1-1.ec2.redns.redis-cloud.com[0m
[2025-05-08 00:28:31] ERROR: [31mRedis Client Error:  getaddrinfo ENOTFOUND redis-10579.c264.ap-south-1-1.ec2.redns.redis-cloud.com[0m
[2025-05-08 00:28:31] ERROR: [31mRedis Client Error:  getaddrinfo ENOTFOUND redis-10579.c264.ap-south-1-1.ec2.redns.redis-cloud.com[0m
[2025-05-08 00:28:32] ERROR: [31mRedis Client Error:  getaddrinfo ENOTFOUND redis-10579.c264.ap-south-1-1.ec2.redns.redis-cloud.com[0m
[2025-05-08 00:28:32] ERROR: [31mRedis Client Error:  getaddrinfo ENOTFOUND redis-10579.c264.ap-south-1-1.ec2.redns.redis-cloud.com[0m
[2025-05-08 00:28:33] ERROR: [31mRedis Client Error:  getaddrinfo ENOTFOUND redis-10579.c264.ap-south-1-1.ec2.redns.redis-cloud.com[0m
[2025-05-08 00:28:33] ERROR: [31mRedis Client Error:  getaddrinfo ENOTFOUND redis-10579.c264.ap-south-1-1.ec2.redns.redis-cloud.com[0m
[2025-05-08 00:28:34] ERROR: [31mRedis Client Error:  getaddrinfo ENOTFOUND redis-10579.c264.ap-south-1-1.ec2.redns.redis-cloud.com[0m
[2025-05-08 00:28:34] ERROR: [31mRedis Client Error:  getaddrinfo ENOTFOUND redis-10579.c264.ap-south-1-1.ec2.redns.redis-cloud.com[0m
[2025-05-08 00:28:35] ERROR: [31mRedis Client Error:  getaddrinfo ENOTFOUND redis-10579.c264.ap-south-1-1.ec2.redns.redis-cloud.com[0m
[2025-05-08 00:28:35] ERROR: [31mRedis Client Error:  getaddrinfo ENOTFOUND redis-10579.c264.ap-south-1-1.ec2.redns.redis-cloud.com[0m
[2025-05-08 00:28:36] ERROR: [31mRedis Client Error:  getaddrinfo ENOTFOUND redis-10579.c264.ap-south-1-1.ec2.redns.redis-cloud.com[0m
[2025-05-08 00:28:36] ERROR: [31mRedis Client Error:  getaddrinfo ENOTFOUND redis-10579.c264.ap-south-1-1.ec2.redns.redis-cloud.com[0m
